<?xml version="1.0" encoding="UTF-8"?>
<testng-results skipped="0" failed="0" ignored="0" total="1" passed="1">
  <reporter-output>
  </reporter-output>
  <suite name="Gradle suite" duration-ms="43521" started-at="2023-05-05T17:29:59 BDT" finished-at="2023-05-05T17:30:43 BDT">
    <groups>
      <group name="cucumber">
        <method signature="AbstractTestNGCucumberTests.runScenario(io.cucumber.testng.PickleWrapper, io.cucumber.testng.FeatureWrapper)[pri:0, instance:TestRunner.CucumberRunner$CucumberRunnerTests@43195e57]" name="runScenario" class="io.cucumber.testng.AbstractTestNGCucumberTests"/>
      </group> <!-- cucumber -->
    </groups>
    <test name="Gradle test" duration-ms="43521" started-at="2023-05-05T17:29:59 BDT" finished-at="2023-05-05T17:30:43 BDT">
      <class name="TestRunner.CucumberRunner$CucumberRunnerTests">
        <test-method status="PASS" signature="setUpClass()[pri:0, instance:TestRunner.CucumberRunner$CucumberRunnerTests@43195e57]" name="setUpClass" is-config="true" duration-ms="658" started-at="2023-05-05T17:29:59 BDT" finished-at="2023-05-05T17:30:00 BDT">
          <reporter-output>
          </reporter-output>
        </test-method> <!-- setUpClass -->
        <test-method status="PASS" signature="runScenario(io.cucumber.testng.PickleWrapper, io.cucumber.testng.FeatureWrapper)[pri:0, instance:TestRunner.CucumberRunner$CucumberRunnerTests@43195e57]" name="runScenario" duration-ms="42683" started-at="2023-05-05T17:30:00 BDT" description="Runs Cucumber Scenarios" data-provider="scenarios" finished-at="2023-05-05T17:30:42 BDT">
          <params>
            <param index="0">
              <value>
                <![CDATA["User can Register with valid value"]]>
              </value>
            </param>
            <param index="1">
              <value>
                <![CDATA["Optional[Register]"]]>
              </value>
            </param>
          </params>
          <reporter-output>
          </reporter-output>
        </test-method> <!-- runScenario -->
        <test-method status="PASS" signature="tearDownClass()[pri:0, instance:TestRunner.CucumberRunner$CucumberRunnerTests@43195e57]" name="tearDownClass" is-config="true" duration-ms="140" started-at="2023-05-05T17:30:42 BDT" finished-at="2023-05-05T17:30:43 BDT">
          <reporter-output>
          </reporter-output>
        </test-method> <!-- tearDownClass -->
      </class> <!-- TestRunner.CucumberRunner$CucumberRunnerTests -->
    </test> <!-- Gradle test -->
  </suite> <!-- Gradle suite -->
</testng-results>
